<?xml version="1.0" encoding="UTF-8"?>
<robot generator="Robot 7.3.2 (Python 3.13.5 on win32)" generated="2025-10-29T01:41:29.071384" rpa="false" schemaversion="5">
<suite id="s1" name="Dailyreport" source="C:\Users\User\Desktop\robot\Admin sook\Test\Dashboard\Dailyreport.robot">
<test id="s1-t1" name="Scenario: Dashboard - Daily Report" line="13">
<kw name="Open Browser And Login Admin" owner="Keywords" type="SETUP">
<kw name="Open Browser To Login Page" owner="AdminLoginPage">
<kw name="Open Browser" owner="SeleniumLibrary">
<msg time="2025-10-29T01:41:29.254003" level="INFO">Opening browser 'chrome' to base url 'https://web-backoffice-uat.tcctech-delivery.com/login'.</msg>
<arg>${LOGIN_URL}</arg>
<arg>${BROWSER}</arg>
<doc>Opens a new browser instance to the optional ``url``.</doc>
<status status="PASS" start="2025-10-29T01:41:29.253811" elapsed="1.656161"/>
</kw>
<kw name="Maximize Browser Window" owner="SeleniumLibrary">
<doc>Maximizes current browser window.</doc>
<status status="PASS" start="2025-10-29T01:41:30.910298" elapsed="0.031199"/>
</kw>
<kw name="Set Selenium Timeout" owner="SeleniumLibrary">
<arg>${DEFAULT_TIMEOUT}</arg>
<doc>Sets the timeout that is used by various keywords.</doc>
<status status="PASS" start="2025-10-29T01:41:30.941674" elapsed="0.000886"/>
</kw>
<status status="PASS" start="2025-10-29T01:41:29.253242" elapsed="1.689401"/>
</kw>
<kw name="Perform Admin Login" owner="AdminLoginPage">
<kw name="Input Text" owner="SeleniumLibrary">
<msg time="2025-10-29T01:41:30.943596" level="INFO">Typing text 'ltjadmin' into text field 'id:username'.</msg>
<arg>${FIELD_USERNAME}</arg>
<arg>${username}</arg>
<doc>Types the given ``text`` into the text field identified by ``locator``.</doc>
<status status="PASS" start="2025-10-29T01:41:30.943327" elapsed="0.139174"/>
</kw>
<kw name="Input Password" owner="SeleniumLibrary">
<msg time="2025-10-29T01:41:31.082962" level="INFO">Typing password into text field 'id:password'.</msg>
<msg time="2025-10-29T01:41:31.111137" level="INFO">Temporally setting log level to: NONE</msg>
<arg>${FIELD_PASSWORD}</arg>
<arg>${password}</arg>
<doc>Types the given password into the text field identified by ``locator``.</doc>
<status status="PASS" start="2025-10-29T01:41:31.082689" elapsed="0.073705"/>
</kw>
<kw name="Click Button" owner="SeleniumLibrary">
<msg time="2025-10-29T01:41:31.156764" level="INFO">Clicking button 'xpath=//button[normalize-space(.)="เข้าสู่ระบบ"]'.</msg>
<arg>${BTN_LOGIN}</arg>
<doc>Clicks the button identified by ``locator``.</doc>
<status status="PASS" start="2025-10-29T01:41:31.156599" elapsed="0.081201"/>
</kw>
<kw name="Wait Until Page Contains" owner="SeleniumLibrary">
<arg>${DASHBOARD_TEXT}</arg>
<arg>${DEFAULT_TIMEOUT}</arg>
<doc>Waits until ``text`` appears on the current page.</doc>
<status status="PASS" start="2025-10-29T01:41:31.238145" elapsed="0.229928"/>
</kw>
<status status="PASS" start="2025-10-29T01:41:30.942780" elapsed="0.525437"/>
</kw>
<kw name="Log To Console" owner="BuiltIn">
<arg>✅ Login successful and ready for tests.</arg>
<doc>Logs the given message to the console.</doc>
<status status="PASS" start="2025-10-29T01:41:31.468345" elapsed="0.000316"/>
</kw>
<status status="PASS" start="2025-10-29T01:41:29.252978" elapsed="2.215795"/>
</kw>
<kw name="Navigate to Daily Report Page" owner="DailyReportPage">
<kw name="Click Element" owner="SeleniumLibrary">
<msg time="2025-10-29T01:41:31.469592" level="INFO">Clicking element '//button[contains(text(),'เลือกแดชบอร์ด')]'.</msg>
<arg>${BTN_SELECT_DASHBOARD}</arg>
<doc>Click the element identified by ``locator``.</doc>
<status status="PASS" start="2025-10-29T01:41:31.469425" elapsed="0.077719"/>
</kw>
<kw name="Click Element" owner="SeleniumLibrary">
<msg time="2025-10-29T01:41:31.547749" level="INFO">Clicking element '//li[contains(text(),'Daily Report')]'.</msg>
<arg>${OPTION_DAILY_REPORT}</arg>
<doc>Click the element identified by ``locator``.</doc>
<status status="PASS" start="2025-10-29T01:41:31.547403" elapsed="0.083934"/>
</kw>
<kw name="Wait Until Page Contains Element" owner="SeleniumLibrary">
<arg>${DROPDOWN_DAILY_REPORT}</arg>
<arg>${DEFAULT_TIMEOUT}</arg>
<doc>Waits until the element ``locator`` appears on the current page.</doc>
<status status="PASS" start="2025-10-29T01:41:31.631531" elapsed="0.009889"/>
</kw>
<kw name="Log To Console" owner="BuiltIn">
<arg>✅ Navigated to Daily Report Page.</arg>
<doc>Logs the given message to the console.</doc>
<status status="PASS" start="2025-10-29T01:41:31.641602" elapsed="0.000276"/>
</kw>
<status status="PASS" start="2025-10-29T01:41:31.469168" elapsed="0.172815"/>
</kw>
<kw name="Click Daily Report Refresh" owner="DailyReportPage">
<kw name="Wait Until Element Is Visible" owner="SeleniumLibrary">
<arg>${BTN_REFRESH_DAILY}</arg>
<arg>10s</arg>
<doc>Waits until the element ``locator`` is visible.</doc>
<status status="PASS" start="2025-10-29T01:41:31.642490" elapsed="0.233628"/>
</kw>
<kw name="Wait Until Element Is Enabled" owner="SeleniumLibrary">
<arg>${BTN_REFRESH_DAILY}</arg>
<arg>10s</arg>
<doc>Waits until the element ``locator`` is enabled.</doc>
<status status="PASS" start="2025-10-29T01:41:31.876261" elapsed="0.031073"/>
</kw>
<kw name="Click Element" owner="SeleniumLibrary">
<msg time="2025-10-29T01:41:31.907647" level="INFO">Clicking element '//*[normalize-space()='Refresh']'.</msg>
<arg>${BTN_REFRESH_DAILY}</arg>
<doc>Click the element identified by ``locator``.</doc>
<status status="PASS" start="2025-10-29T01:41:31.907473" elapsed="0.464030"/>
</kw>
<kw name="Wait Quiet" owner="Keywords">
<kw name="Run Keyword And Ignore Error" owner="BuiltIn">
<kw name="Wait Until Element Is Visible" owner="SeleniumLibrary">
<arg>${SPINNER}</arg>
<arg>10s</arg>
<doc>Waits until the element ``locator`` is visible.</doc>
<status status="PASS" start="2025-10-29T01:41:32.372402" elapsed="0.017092"/>
</kw>
<arg>Wait Until Element Is Visible</arg>
<arg>${SPINNER}</arg>
<arg>10s</arg>
<doc>Runs the given keyword with the given arguments and ignores possible error.</doc>
<status status="PASS" start="2025-10-29T01:41:32.371901" elapsed="0.017670"/>
</kw>
<kw name="Run Keyword And Ignore Error" owner="BuiltIn">
<kw name="Wait Until Element Is Not Visible" owner="SeleniumLibrary">
<arg>${SPINNER}</arg>
<arg>20s</arg>
<doc>Waits until the element ``locator`` is not visible.</doc>
<status status="PASS" start="2025-10-29T01:41:32.389820" elapsed="0.634758"/>
</kw>
<arg>Wait Until Element Is Not Visible</arg>
<arg>${SPINNER}</arg>
<arg>20s</arg>
<doc>Runs the given keyword with the given arguments and ignores possible error.</doc>
<status status="PASS" start="2025-10-29T01:41:32.389693" elapsed="0.634959"/>
</kw>
<status status="PASS" start="2025-10-29T01:41:32.371676" elapsed="0.653030"/>
</kw>
<kw name="Wait Until Page Contains Element" owner="SeleniumLibrary">
<arg>${DAILY_REPORT_FIRST_CELL}</arg>
<arg>10s</arg>
<doc>Waits until the element ``locator`` appears on the current page.</doc>
<status status="PASS" start="2025-10-29T01:41:33.024805" elapsed="0.006272"/>
</kw>
<kw name="Log To Console" owner="BuiltIn">
<arg>✅ Refresh เสร็จสิ้น โหลดข้อมูลเรียบร้อย</arg>
<doc>Logs the given message to the console.</doc>
<status status="PASS" start="2025-10-29T01:41:33.031213" elapsed="0.000243"/>
</kw>
<status status="PASS" start="2025-10-29T01:41:31.642228" elapsed="1.389313"/>
</kw>
<kw name="Export Daily Report To Excel" owner="DailyReportPage">
<kw name="Log To Console" owner="BuiltIn">
<arg>▶ Start exporting Daily Report to Excel...</arg>
<doc>Logs the given message to the console.</doc>
<status status="PASS" start="2025-10-29T01:41:33.032339" elapsed="0.000190"/>
</kw>
<kw name="Sleep" owner="BuiltIn">
<msg time="2025-10-29T01:41:35.033184" level="INFO">Slept 2 seconds.</msg>
<arg>2s</arg>
<doc>Pauses the test executed for the given time.</doc>
<status status="PASS" start="2025-10-29T01:41:33.032649" elapsed="2.000635"/>
</kw>
<kw name="Verify Any Excel Appeared" owner="DailyReportPage">
<kw name="Get Time" owner="BuiltIn">
<msg time="2025-10-29T01:41:35.034115" level="INFO">${start} = 1761676895</msg>
<var>${start}</var>
<arg>epoch</arg>
<doc>Returns the given time in the requested format.</doc>
<status status="PASS" start="2025-10-29T01:41:35.033923" elapsed="0.000216"/>
</kw>
<kw name="List Files In Directory" owner="OperatingSystem">
<msg time="2025-10-29T01:41:35.034388" level="INFO" html="true">Listing contents of directory '&lt;a href="file://C:\Users\User\Downloads"&gt;C:\Users\User\Downloads&lt;/a&gt;'.</msg>
<msg time="2025-10-29T01:41:35.035002" level="INFO">3 files:
daily_report_20251027_131750.xlsx
daily_report_20251029_013442.xlsx
daily_report_20251029_013547.xlsx</msg>
<msg time="2025-10-29T01:41:35.035105" level="INFO">@{before} = [ daily_report_20251027_131750.xlsx | daily_report_20251029_013442.xlsx | daily_report_20251029_013547.xlsx ]</msg>
<var>@{before}</var>
<arg>${WIN_DOWNLOADS}</arg>
<arg>pattern=${DAILY_PATTERN}</arg>
<doc>Wrapper for `List Directory` that returns only files.</doc>
<status status="PASS" start="2025-10-29T01:41:35.034228" elapsed="0.000897"/>
</kw>
<kw name="Wait Until Element Is Visible" owner="SeleniumLibrary">
<arg>${BTN_EXPORT_EXCEL}</arg>
<arg>20s</arg>
<doc>Waits until the element ``locator`` is visible.</doc>
<status status="PASS" start="2025-10-29T01:41:35.035236" elapsed="0.011178"/>
</kw>
<kw name="Click Element" owner="SeleniumLibrary">
<msg time="2025-10-29T01:41:35.046803" level="INFO">Clicking element '//button[normalize-space()='Export Excel']'.</msg>
<arg>${BTN_EXPORT_EXCEL}</arg>
<doc>Click the element identified by ``locator``.</doc>
<status status="PASS" start="2025-10-29T01:41:35.046559" elapsed="0.053566"/>
</kw>
<kw name="Wait Until Keyword Succeeds" owner="BuiltIn">
<kw name="_find_new_file_by_pattern_since" owner="DailyReportPage">
<kw name="List Files In Directory" owner="OperatingSystem">
<msg time="2025-10-29T01:41:35.101087" level="INFO" html="true">Listing contents of directory '&lt;a href="file://C:\Users\User\Downloads"&gt;C:\Users\User\Downloads&lt;/a&gt;'.</msg>
<msg time="2025-10-29T01:41:35.101460" level="INFO">3 files:
daily_report_20251027_131750.xlsx
daily_report_20251029_013442.xlsx
daily_report_20251029_013547.xlsx</msg>
<msg time="2025-10-29T01:41:35.101796" level="INFO">@{now} = [ daily_report_20251027_131750.xlsx | daily_report_20251029_013442.xlsx | daily_report_20251029_013547.xlsx ]</msg>
<var>@{now}</var>
<arg>${dir}</arg>
<arg>pattern=${pattern}</arg>
<doc>Wrapper for `List Directory` that returns only files.</doc>
<status status="PASS" start="2025-10-29T01:41:35.100925" elapsed="0.000892"/>
</kw>
<kw name="Evaluate" owner="BuiltIn">
<msg time="2025-10-29T01:41:35.102191" level="INFO">@{diff} = [ ]</msg>
<var>@{diff}</var>
<arg>[f for f in $now if f not in $before]</arg>
<doc>Evaluates the given expression in Python and returns the result.</doc>
<status status="PASS" start="2025-10-29T01:41:35.101931" elapsed="0.000281"/>
</kw>
<if>
<branch type="IF" condition="len(${diff}) == 0">
<kw name="Set Variable" owner="BuiltIn">
<msg time="2025-10-29T01:41:35.102591" level="INFO">@{diff} = [ daily_report_20251027_131750.xlsx | daily_report_20251029_013442.xlsx | daily_report_20251029_013547.xlsx ]</msg>
<var>@{diff}</var>
<arg>@{now}</arg>
<doc>Returns the given values which can then be assigned to a variables.</doc>
<status status="PASS" start="2025-10-29T01:41:35.102472" elapsed="0.000138"/>
</kw>
<status status="PASS" start="2025-10-29T01:41:35.102297" elapsed="0.000346"/>
</branch>
<status status="PASS" start="2025-10-29T01:41:35.102273" elapsed="0.000403"/>
</if>
<kw name="Set Variable" owner="BuiltIn">
<msg time="2025-10-29T01:41:35.102829" level="INFO">${newest} = NONE</msg>
<var>${newest}</var>
<arg>NONE</arg>
<doc>Returns the given values which can then be assigned to a variables.</doc>
<status status="PASS" start="2025-10-29T01:41:35.102747" elapsed="0.000117"/>
</kw>
<kw name="Set Variable" owner="BuiltIn">
<msg time="2025-10-29T01:41:35.103018" level="INFO">${latest} = -1</msg>
<var>${latest}</var>
<arg>-1</arg>
<doc>Returns the given values which can then be assigned to a variables.</doc>
<status status="PASS" start="2025-10-29T01:41:35.102937" elapsed="0.000097"/>
</kw>
<for flavor="IN">
<iter>
<kw name="Set Variable" owner="BuiltIn">
<msg time="2025-10-29T01:41:35.103446" level="INFO">${p} = C:\Users\User\Downloads\daily_report_20251027_131750.xlsx</msg>
<var>${p}</var>
<arg>${dir}${/}${f}</arg>
<doc>Returns the given values which can then be assigned to a variables.</doc>
<status status="PASS" start="2025-10-29T01:41:35.103326" elapsed="0.000138"/>
</kw>
<kw name="Get Modified Time" owner="OperatingSystem">
<msg time="2025-10-29T01:41:35.103706" level="INFO" html="true">Last modified time of '&lt;a href="file://C:\Users\User\Downloads\daily_report_20251027_131750.xlsx"&gt;C:\Users\User\Downloads\daily_report_20251027_131750.xlsx&lt;/a&gt;' is 1761546079.</msg>
<msg time="2025-10-29T01:41:35.103766" level="INFO">${ts} = 1761546079</msg>
<var>${ts}</var>
<arg>${p}</arg>
<arg>epoch</arg>
<doc>Returns the last modification time of a file or directory.</doc>
<status status="PASS" start="2025-10-29T01:41:35.103540" elapsed="0.000242"/>
</kw>
<if>
<branch type="IF" condition="${ts} &gt; ${start_epoch} and ${ts} &gt; ${latest}">
<kw name="Set Variable" owner="BuiltIn">
<var>${newest}</var>
<arg>${p}</arg>
<doc>Returns the given values which can then be assigned to a variables.</doc>
<status status="NOT RUN" start="2025-10-29T01:41:35.104041" elapsed="0.000020"/>
</kw>
<kw name="Set Variable" owner="BuiltIn">
<var>${latest}</var>
<arg>${ts}</arg>
<doc>Returns the given values which can then be assigned to a variables.</doc>
<status status="NOT RUN" start="2025-10-29T01:41:35.104128" elapsed="0.000017"/>
</kw>
<status status="NOT RUN" start="2025-10-29T01:41:35.103853" elapsed="0.000317"/>
</branch>
<status status="PASS" start="2025-10-29T01:41:35.103837" elapsed="0.000360"/>
</if>
<var name="${f}">daily_report_20251027_131750.xlsx</var>
<status status="PASS" start="2025-10-29T01:41:35.103244" elapsed="0.000970"/>
</iter>
<iter>
<kw name="Set Variable" owner="BuiltIn">
<msg time="2025-10-29T01:41:35.104525" level="INFO">${p} = C:\Users\User\Downloads\daily_report_20251029_013442.xlsx</msg>
<var>${p}</var>
<arg>${dir}${/}${f}</arg>
<doc>Returns the given values which can then be assigned to a variables.</doc>
<status status="PASS" start="2025-10-29T01:41:35.104398" elapsed="0.000147"/>
</kw>
<kw name="Get Modified Time" owner="OperatingSystem">
<msg time="2025-10-29T01:41:35.104759" level="INFO" html="true">Last modified time of '&lt;a href="file://C:\Users\User\Downloads\daily_report_20251029_013442.xlsx"&gt;C:\Users\User\Downloads\daily_report_20251029_013442.xlsx&lt;/a&gt;' is 1761676694.</msg>
<msg time="2025-10-29T01:41:35.104812" level="INFO">${ts} = 1761676694</msg>
<var>${ts}</var>
<arg>${p}</arg>
<arg>epoch</arg>
<doc>Returns the last modification time of a file or directory.</doc>
<status status="PASS" start="2025-10-29T01:41:35.104614" elapsed="0.000214"/>
</kw>
<if>
<branch type="IF" condition="${ts} &gt; ${start_epoch} and ${ts} &gt; ${latest}">
<kw name="Set Variable" owner="BuiltIn">
<var>${newest}</var>
<arg>${p}</arg>
<doc>Returns the given values which can then be assigned to a variables.</doc>
<status status="NOT RUN" start="2025-10-29T01:41:35.105041" elapsed="0.000019"/>
</kw>
<kw name="Set Variable" owner="BuiltIn">
<var>${latest}</var>
<arg>${ts}</arg>
<doc>Returns the given values which can then be assigned to a variables.</doc>
<status status="NOT RUN" start="2025-10-29T01:41:35.105121" elapsed="0.000016"/>
</kw>
<status status="NOT RUN" start="2025-10-29T01:41:35.104880" elapsed="0.000284"/>
</branch>
<status status="PASS" start="2025-10-29T01:41:35.104869" elapsed="0.000330"/>
</if>
<var name="${f}">daily_report_20251029_013442.xlsx</var>
<status status="PASS" start="2025-10-29T01:41:35.104336" elapsed="0.000879"/>
</iter>
<iter>
<kw name="Set Variable" owner="BuiltIn">
<msg time="2025-10-29T01:41:35.105606" level="INFO">${p} = C:\Users\User\Downloads\daily_report_20251029_013547.xlsx</msg>
<var>${p}</var>
<arg>${dir}${/}${f}</arg>
<doc>Returns the given values which can then be assigned to a variables.</doc>
<status status="PASS" start="2025-10-29T01:41:35.105464" elapsed="0.000161"/>
</kw>
<kw name="Get Modified Time" owner="OperatingSystem">
<msg time="2025-10-29T01:41:35.105825" level="INFO" html="true">Last modified time of '&lt;a href="file://C:\Users\User\Downloads\daily_report_20251029_013547.xlsx"&gt;C:\Users\User\Downloads\daily_report_20251029_013547.xlsx&lt;/a&gt;' is 1761676759.</msg>
<msg time="2025-10-29T01:41:35.105875" level="INFO">${ts} = 1761676759</msg>
<var>${ts}</var>
<arg>${p}</arg>
<arg>epoch</arg>
<doc>Returns the last modification time of a file or directory.</doc>
<status status="PASS" start="2025-10-29T01:41:35.105693" elapsed="0.000197"/>
</kw>
<if>
<branch type="IF" condition="${ts} &gt; ${start_epoch} and ${ts} &gt; ${latest}">
<kw name="Set Variable" owner="BuiltIn">
<var>${newest}</var>
<arg>${p}</arg>
<doc>Returns the given values which can then be assigned to a variables.</doc>
<status status="NOT RUN" start="2025-10-29T01:41:35.106099" elapsed="0.000018"/>
</kw>
<kw name="Set Variable" owner="BuiltIn">
<var>${latest}</var>
<arg>${ts}</arg>
<doc>Returns the given values which can then be assigned to a variables.</doc>
<status status="NOT RUN" start="2025-10-29T01:41:35.106186" elapsed="0.000016"/>
</kw>
<status status="NOT RUN" start="2025-10-29T01:41:35.105941" elapsed="0.000287"/>
</branch>
<status status="PASS" start="2025-10-29T01:41:35.105930" elapsed="0.000321"/>
</if>
<var name="${f}">daily_report_20251029_013547.xlsx</var>
<status status="PASS" start="2025-10-29T01:41:35.105403" elapsed="0.000863"/>
</iter>
<var>${f}</var>
<value>@{diff}</value>
<status status="PASS" start="2025-10-29T01:41:35.103085" elapsed="0.003209"/>
</for>
<kw name="Should Not Be Equal" owner="BuiltIn">
<msg time="2025-10-29T01:41:35.106559" level="FAIL">No new daily_report file found after export: NONE == NONE</msg>
<arg>${newest}</arg>
<arg>NONE</arg>
<arg>msg=No new daily_report file found after export</arg>
<doc>Fails if the given objects are equal.</doc>
<status status="FAIL" start="2025-10-29T01:41:35.106365" elapsed="0.000300">No new daily_report file found after export: NONE == NONE</status>
</kw>
<return>
<value>${newest}</value>
<status status="NOT RUN" start="2025-10-29T01:41:35.106719" elapsed="0.000027"/>
</return>
<arg>${WIN_DOWNLOADS}</arg>
<arg>${DAILY_PATTERN}</arg>
<arg>${start}</arg>
<arg>@{before}</arg>
<status status="FAIL" start="2025-10-29T01:41:35.100641" elapsed="0.006187">No new daily_report file found after export: NONE == NONE</status>
</kw>
<kw name="_find_new_file_by_pattern_since" owner="DailyReportPage">
<kw name="List Files In Directory" owner="OperatingSystem">
<msg time="2025-10-29T01:41:36.107654" level="INFO" html="true">Listing contents of directory '&lt;a href="file://C:\Users\User\Downloads"&gt;C:\Users\User\Downloads&lt;/a&gt;'.</msg>
<msg time="2025-10-29T01:41:36.108013" level="INFO">3 files:
daily_report_20251027_131750.xlsx
daily_report_20251029_013442.xlsx
daily_report_20251029_013547.xlsx</msg>
<msg time="2025-10-29T01:41:36.108104" level="INFO">@{now} = [ daily_report_20251027_131750.xlsx | daily_report_20251029_013442.xlsx | daily_report_20251029_013547.xlsx ]</msg>
<var>@{now}</var>
<arg>${dir}</arg>
<arg>pattern=${pattern}</arg>
<doc>Wrapper for `List Directory` that returns only files.</doc>
<status status="PASS" start="2025-10-29T01:41:36.107501" elapsed="0.000622"/>
</kw>
<kw name="Evaluate" owner="BuiltIn">
<msg time="2025-10-29T01:41:36.108481" level="INFO">@{diff} = [ ]</msg>
<var>@{diff}</var>
<arg>[f for f in $now if f not in $before]</arg>
<doc>Evaluates the given expression in Python and returns the result.</doc>
<status status="PASS" start="2025-10-29T01:41:36.108229" elapsed="0.000274"/>
</kw>
<if>
<branch type="IF" condition="len(${diff}) == 0">
<kw name="Set Variable" owner="BuiltIn">
<msg time="2025-10-29T01:41:36.108841" level="INFO">@{diff} = [ daily_report_20251027_131750.xlsx | daily_report_20251029_013442.xlsx | daily_report_20251029_013547.xlsx ]</msg>
<var>@{diff}</var>
<arg>@{now}</arg>
<doc>Returns the given values which can then be assigned to a variables.</doc>
<status status="PASS" start="2025-10-29T01:41:36.108721" elapsed="0.000139"/>
</kw>
<status status="PASS" start="2025-10-29T01:41:36.108572" elapsed="0.000321"/>
</branch>
<status status="PASS" start="2025-10-29T01:41:36.108556" elapsed="0.000364"/>
</if>
<kw name="Set Variable" owner="BuiltIn">
<msg time="2025-10-29T01:41:36.109099" level="INFO">${newest} = NONE</msg>
<var>${newest}</var>
<arg>NONE</arg>
<doc>Returns the given values which can then be assigned to a variables.</doc>
<status status="PASS" start="2025-10-29T01:41:36.109012" elapsed="0.000104"/>
</kw>
<kw name="Set Variable" owner="BuiltIn">
<msg time="2025-10-29T01:41:36.109251" level="INFO">${latest} = -1</msg>
<var>${latest}</var>
<arg>-1</arg>
<doc>Returns the given values which can then be assigned to a variables.</doc>
<status status="PASS" start="2025-10-29T01:41:36.109182" elapsed="0.000084"/>
</kw>
<for flavor="IN">
<iter>
<kw name="Set Variable" owner="BuiltIn">
<msg time="2025-10-29T01:41:36.109620" level="INFO">${p} = C:\Users\User\Downloads\daily_report_20251027_131750.xlsx</msg>
<var>${p}</var>
<arg>${dir}${/}${f}</arg>
<doc>Returns the given values which can then be assigned to a variables.</doc>
<status status="PASS" start="2025-10-29T01:41:36.109504" elapsed="0.000135"/>
</kw>
<kw name="Get Modified Time" owner="OperatingSystem">
<msg time="2025-10-29T01:41:36.109857" level="INFO" html="true">Last modified time of '&lt;a href="file://C:\Users\User\Downloads\daily_report_20251027_131750.xlsx"&gt;C:\Users\User\Downloads\daily_report_20251027_131750.xlsx&lt;/a&gt;' is 1761546079.</msg>
<msg time="2025-10-29T01:41:36.109919" level="INFO">${ts} = 1761546079</msg>
<var>${ts}</var>
<arg>${p}</arg>
<arg>epoch</arg>
<doc>Returns the last modification time of a file or directory.</doc>
<status status="PASS" start="2025-10-29T01:41:36.109714" elapsed="0.000221"/>
</kw>
<if>
<branch type="IF" condition="${ts} &gt; ${start_epoch} and ${ts} &gt; ${latest}">
<kw name="Set Variable" owner="BuiltIn">
<var>${newest}</var>
<arg>${p}</arg>
<doc>Returns the given values which can then be assigned to a variables.</doc>
<status status="NOT RUN" start="2025-10-29T01:41:36.110168" elapsed="0.000018"/>
</kw>
<kw name="Set Variable" owner="BuiltIn">
<var>${latest}</var>
<arg>${ts}</arg>
<doc>Returns the given values which can then be assigned to a variables.</doc>
<status status="NOT RUN" start="2025-10-29T01:41:36.110259" elapsed="0.000017"/>
</kw>
<status status="NOT RUN" start="2025-10-29T01:41:36.110000" elapsed="0.000300"/>
</branch>
<status status="PASS" start="2025-10-29T01:41:36.109986" elapsed="0.000337"/>
</if>
<var name="${f}">daily_report_20251027_131750.xlsx</var>
<status status="PASS" start="2025-10-29T01:41:36.109445" elapsed="0.000893"/>
</iter>
<iter>
<kw name="Set Variable" owner="BuiltIn">
<msg time="2025-10-29T01:41:36.110600" level="INFO">${p} = C:\Users\User\Downloads\daily_report_20251029_013442.xlsx</msg>
<var>${p}</var>
<arg>${dir}${/}${f}</arg>
<doc>Returns the given values which can then be assigned to a variables.</doc>
<status status="PASS" start="2025-10-29T01:41:36.110485" elapsed="0.000132"/>
</kw>
<kw name="Get Modified Time" owner="OperatingSystem">
<msg time="2025-10-29T01:41:36.110813" level="INFO" html="true">Last modified time of '&lt;a href="file://C:\Users\User\Downloads\daily_report_20251029_013442.xlsx"&gt;C:\Users\User\Downloads\daily_report_20251029_013442.xlsx&lt;/a&gt;' is 1761676694.</msg>
<msg time="2025-10-29T01:41:36.110867" level="INFO">${ts} = 1761676694</msg>
<var>${ts}</var>
<arg>${p}</arg>
<arg>epoch</arg>
<doc>Returns the last modification time of a file or directory.